2017-02-17 11:48:32 INFO  Task:90 - Task "Task4" created. Start date: [2017-02-07 05:27:49.000] End date: [2017-02-08 11:11:11.000]. Active: false
2017-02-17 11:48:32 INFO  Task:128 - The "Task4" changed the status from: false to: true
2017-02-17 11:48:32 INFO  ArrayTaskList:57 - The "Task4" added to ArrayList
2017-02-17 11:48:32 INFO  Task:90 - Task "Task5" created. Start date: [2017-02-07 05:27:41.000] End date: [2018-02-15 11:11:11.000]. Active: false
2017-02-17 11:48:32 INFO  ArrayTaskList:57 - The "Task5" added to ArrayList
2017-02-17 11:48:32 INFO  Task:47 - Task "Task6" created. Start date: [2018-07-19 11:11:11.000]. Active: false
2017-02-17 11:48:32 INFO  Task:128 - The "Task6" changed the status from: false to: true
2017-02-17 11:48:32 INFO  ArrayTaskList:57 - The "Task6" added to ArrayList
2017-02-17 11:48:32 INFO  Task:90 - Task "Task6" created. Start date: [0017-10-09 11:11:11.000] End date: [2017-10-16 11:11:11.000]. Active: false
2017-02-17 11:48:32 INFO  Task:128 - The "Task6" changed the status from: false to: true
2017-02-17 11:48:32 INFO  ArrayTaskList:57 - The "Task6" added to ArrayList
2017-02-17 11:48:32 INFO  Task:90 - Task "Milash" created. Start date: [1992-09-05 01:01:01.000] End date: [2122-07-25 10:22:22.000]. Active: false
2017-02-17 11:48:32 INFO  Task:128 - The "Milash" changed the status from: false to: true
2017-02-17 11:48:32 INFO  ArrayTaskList:57 - The "Milash" added to ArrayList
2017-02-17 11:48:32 INFO  Task:90 - Task "TASSSSSSSSSSSSSSSSSSSSSKKKKKKKKKK" created. Start date: [2012-12-12 12:12:12.000] End date: [2015-02-14 02:14:14.000]. Active: false
2017-02-17 11:48:32 INFO  Task:128 - The "TASSSSSSSSSSSSSSSSSSSSSKKKKKKKKKK" changed the status from: false to: true
2017-02-17 11:48:32 INFO  ArrayTaskList:57 - The "TASSSSSSSSSSSSSSSSSSSSSKKKKKKKKKK" added to ArrayList
2017-02-17 11:48:32 INFO  Task:90 - Task "do it" created. Start date: [2017-02-06 03:00:00.000] End date: [2017-02-06 11:00:00.000]. Active: false
2017-02-17 11:48:32 INFO  Task:128 - The "do it" changed the status from: false to: true
2017-02-17 11:48:32 INFO  ArrayTaskList:57 - The "do it" added to ArrayList
2017-02-17 11:48:32 INFO  Task:90 - Task "do it2" created. Start date: [2017-02-06 11:00:00.000] End date: [2017-02-06 11:00:00.000]. Active: false
2017-02-17 11:48:32 INFO  Task:128 - The "do it2" changed the status from: false to: true
2017-02-17 11:48:32 INFO  ArrayTaskList:57 - The "do it2" added to ArrayList
2017-02-17 11:48:32 INFO  Task:90 - Task "DOIT3" created. Start date: [2017-02-06 11:00:00.000] End date: [2017-02-07 11:00:00.000]. Active: false
2017-02-17 11:48:32 INFO  Task:128 - The "DOIT3" changed the status from: false to: true
2017-02-17 11:48:32 INFO  ArrayTaskList:57 - The "DOIT3" added to ArrayList
2017-02-17 11:48:32 INFO  Task:90 - Task "Breakfast" created. Start date: [2017-02-08 01:46:49.000] End date: [2017-02-18 11:11:11.000]. Active: false
2017-02-17 11:48:32 INFO  Task:128 - The "Breakfast" changed the status from: false to: true
2017-02-17 11:48:32 INFO  ArrayTaskList:57 - The "Breakfast" added to ArrayList
2017-02-17 11:48:32 INFO  Task:90 - Task "FucknDinner" created. Start date: [2017-02-08 01:46:29.000] End date: [2017-02-18 11:11:11.000]. Active: false
2017-02-17 11:48:32 INFO  Task:128 - The "FucknDinner" changed the status from: false to: true
2017-02-17 11:48:32 INFO  ArrayTaskList:57 - The "FucknDinner" added to ArrayList
2017-02-17 11:48:53 INFO  TaskIO:128 - Text reading task SUCCESSFUL
2017-02-17 11:49:17 INFO  Task:90 - Task "Task4" created. Start date: [2017-02-07 05:27:49.000] End date: [2017-02-08 11:11:11.000]. Active: false
2017-02-17 11:49:17 INFO  Task:128 - The "Task4" changed the status from: false to: true
2017-02-17 11:49:17 INFO  ArrayTaskList:57 - The "Task4" added to ArrayList
2017-02-17 11:49:17 INFO  Task:90 - Task "Task5" created. Start date: [2017-02-07 05:27:41.000] End date: [2018-02-15 11:11:11.000]. Active: false
2017-02-17 11:49:17 INFO  ArrayTaskList:57 - The "Task5" added to ArrayList
2017-02-17 11:49:17 INFO  Task:47 - Task "Task6" created. Start date: [2018-07-19 11:11:11.000]. Active: false
2017-02-17 11:49:17 INFO  Task:128 - The "Task6" changed the status from: false to: true
2017-02-17 11:49:17 INFO  ArrayTaskList:57 - The "Task6" added to ArrayList
2017-02-17 11:49:17 INFO  Task:90 - Task "Task6" created. Start date: [0017-10-09 11:11:11.000] End date: [2017-10-16 11:11:11.000]. Active: false
2017-02-17 11:49:17 INFO  Task:128 - The "Task6" changed the status from: false to: true
2017-02-17 11:49:17 INFO  ArrayTaskList:57 - The "Task6" added to ArrayList
2017-02-17 11:49:17 INFO  Task:90 - Task "Milash" created. Start date: [1992-09-05 01:01:01.000] End date: [2122-07-25 10:22:22.000]. Active: false
2017-02-17 11:49:17 INFO  Task:128 - The "Milash" changed the status from: false to: true
2017-02-17 11:49:17 INFO  ArrayTaskList:57 - The "Milash" added to ArrayList
2017-02-17 11:49:17 INFO  Task:90 - Task "TASSSSSSSSSSSSSSSSSSSSSKKKKKKKKKK" created. Start date: [2012-12-12 12:12:12.000] End date: [2015-02-14 02:14:14.000]. Active: false
2017-02-17 11:49:17 INFO  Task:128 - The "TASSSSSSSSSSSSSSSSSSSSSKKKKKKKKKK" changed the status from: false to: true
2017-02-17 11:49:17 INFO  ArrayTaskList:57 - The "TASSSSSSSSSSSSSSSSSSSSSKKKKKKKKKK" added to ArrayList
2017-02-17 11:49:17 INFO  Task:90 - Task "do it" created. Start date: [2017-02-06 03:00:00.000] End date: [2017-02-06 11:00:00.000]. Active: false
2017-02-17 11:49:17 INFO  Task:128 - The "do it" changed the status from: false to: true
2017-02-17 11:49:17 INFO  ArrayTaskList:57 - The "do it" added to ArrayList
2017-02-17 11:49:17 INFO  Task:90 - Task "do it2" created. Start date: [2017-02-06 11:00:00.000] End date: [2017-02-06 11:00:00.000]. Active: false
2017-02-17 11:49:17 INFO  Task:128 - The "do it2" changed the status from: false to: true
2017-02-17 11:49:17 INFO  ArrayTaskList:57 - The "do it2" added to ArrayList
2017-02-17 11:49:17 INFO  Task:90 - Task "DOIT3" created. Start date: [2017-02-06 11:00:00.000] End date: [2017-02-07 11:00:00.000]. Active: false
2017-02-17 11:49:17 INFO  Task:128 - The "DOIT3" changed the status from: false to: true
2017-02-17 11:49:17 INFO  ArrayTaskList:57 - The "DOIT3" added to ArrayList
2017-02-17 11:49:17 INFO  Task:90 - Task "Breakfast" created. Start date: [2017-02-08 01:46:49.000] End date: [2017-02-18 11:11:11.000]. Active: false
2017-02-17 11:49:17 INFO  Task:128 - The "Breakfast" changed the status from: false to: true
2017-02-17 11:49:17 INFO  ArrayTaskList:57 - The "Breakfast" added to ArrayList
2017-02-17 11:49:17 INFO  Task:90 - Task "FucknDinner" created. Start date: [2017-02-08 01:46:29.000] End date: [2017-02-18 11:11:11.000]. Active: false
2017-02-17 11:49:17 INFO  Task:128 - The "FucknDinner" changed the status from: false to: true
2017-02-17 11:49:17 INFO  ArrayTaskList:57 - The "FucknDinner" added to ArrayList
2017-02-17 11:50:00 INFO  Task:90 - Task "Task4" created. Start date: [2017-02-07 05:27:49.000] End date: [2017-02-08 11:11:11.000]. Active: false
2017-02-17 11:50:00 INFO  Task:128 - The "Task4" changed the status from: false to: true
2017-02-17 11:50:00 INFO  ArrayTaskList:57 - The "Task4" added to ArrayList
2017-02-17 11:50:00 INFO  Task:90 - Task "Task5" created. Start date: [2017-02-07 05:27:41.000] End date: [2018-02-15 11:11:11.000]. Active: false
2017-02-17 11:50:00 INFO  ArrayTaskList:57 - The "Task5" added to ArrayList
2017-02-17 11:50:00 INFO  Task:47 - Task "Task6" created. Start date: [2018-07-19 11:11:11.000]. Active: false
2017-02-17 11:50:00 INFO  Task:128 - The "Task6" changed the status from: false to: true
2017-02-17 11:50:00 INFO  ArrayTaskList:57 - The "Task6" added to ArrayList
2017-02-17 11:50:00 INFO  Task:90 - Task "Task6" created. Start date: [0017-10-09 11:11:11.000] End date: [2017-10-16 11:11:11.000]. Active: false
2017-02-17 11:50:00 INFO  Task:128 - The "Task6" changed the status from: false to: true
2017-02-17 11:50:00 INFO  ArrayTaskList:57 - The "Task6" added to ArrayList
2017-02-17 11:50:00 INFO  Task:90 - Task "Milash" created. Start date: [1992-09-05 01:01:01.000] End date: [2122-07-25 10:22:22.000]. Active: false
2017-02-17 11:50:00 INFO  Task:128 - The "Milash" changed the status from: false to: true
2017-02-17 11:50:00 INFO  ArrayTaskList:57 - The "Milash" added to ArrayList
2017-02-17 11:50:00 INFO  Task:90 - Task "TASSSSSSSSSSSSSSSSSSSSSKKKKKKKKKK" created. Start date: [2012-12-12 12:12:12.000] End date: [2015-02-14 02:14:14.000]. Active: false
2017-02-17 11:50:00 INFO  Task:128 - The "TASSSSSSSSSSSSSSSSSSSSSKKKKKKKKKK" changed the status from: false to: true
2017-02-17 11:50:00 INFO  ArrayTaskList:57 - The "TASSSSSSSSSSSSSSSSSSSSSKKKKKKKKKK" added to ArrayList
2017-02-17 11:50:00 INFO  Task:90 - Task "do it" created. Start date: [2017-02-06 03:00:00.000] End date: [2017-02-06 11:00:00.000]. Active: false
2017-02-17 11:50:00 INFO  Task:128 - The "do it" changed the status from: false to: true
2017-02-17 11:50:00 INFO  ArrayTaskList:57 - The "do it" added to ArrayList
2017-02-17 11:50:00 INFO  Task:90 - Task "do it2" created. Start date: [2017-02-06 11:00:00.000] End date: [2017-02-06 11:00:00.000]. Active: false
2017-02-17 11:50:00 INFO  Task:128 - The "do it2" changed the status from: false to: true
2017-02-17 11:50:00 INFO  ArrayTaskList:57 - The "do it2" added to ArrayList
2017-02-17 11:50:00 INFO  Task:90 - Task "DOIT3" created. Start date: [2017-02-06 11:00:00.000] End date: [2017-02-07 11:00:00.000]. Active: false
2017-02-17 11:50:00 INFO  Task:128 - The "DOIT3" changed the status from: false to: true
2017-02-17 11:50:00 INFO  ArrayTaskList:57 - The "DOIT3" added to ArrayList
2017-02-17 11:50:00 INFO  Task:90 - Task "Breakfast" created. Start date: [2017-02-08 01:46:49.000] End date: [2017-02-18 11:11:11.000]. Active: false
2017-02-17 11:50:00 INFO  Task:128 - The "Breakfast" changed the status from: false to: true
2017-02-17 11:50:00 INFO  ArrayTaskList:57 - The "Breakfast" added to ArrayList
2017-02-17 11:50:00 INFO  Task:90 - Task "FucknDinner" created. Start date: [2017-02-08 01:46:29.000] End date: [2017-02-18 11:11:11.000]. Active: false
2017-02-17 11:50:00 INFO  Task:128 - The "FucknDinner" changed the status from: false to: true
2017-02-17 11:50:00 INFO  ArrayTaskList:57 - The "FucknDinner" added to ArrayList
2017-02-17 11:50:00 INFO  TaskIO:128 - Text reading task SUCCESSFUL
2017-02-17 11:50:00 INFO  ArrayTaskList:57 - The "Milash" added to ArrayList
2017-02-17 11:50:00 INFO  ArrayTaskList:57 - The "Breakfast" added to ArrayList
2017-02-17 11:50:00 INFO  ArrayTaskList:57 - The "FucknDinner" added to ArrayList
2017-02-17 11:50:07 INFO  Task:90 - Task "Task4" created. Start date: [2017-02-07 05:27:49.000] End date: [2017-02-08 11:11:11.000]. Active: false
2017-02-17 11:50:07 INFO  Task:128 - The "Task4" changed the status from: false to: true
2017-02-17 11:50:07 INFO  ArrayTaskList:57 - The "Task4" added to ArrayList
2017-02-17 11:50:07 INFO  Task:90 - Task "Task5" created. Start date: [2017-02-07 05:27:41.000] End date: [2018-02-15 11:11:11.000]. Active: false
2017-02-17 11:50:07 INFO  ArrayTaskList:57 - The "Task5" added to ArrayList
2017-02-17 11:50:07 INFO  Task:47 - Task "Task6" created. Start date: [2018-07-19 11:11:11.000]. Active: false
2017-02-17 11:50:07 INFO  Task:128 - The "Task6" changed the status from: false to: true
2017-02-17 11:50:07 INFO  ArrayTaskList:57 - The "Task6" added to ArrayList
2017-02-17 11:50:07 INFO  Task:90 - Task "Task6" created. Start date: [0017-10-09 11:11:11.000] End date: [2017-10-16 11:11:11.000]. Active: false
2017-02-17 11:50:07 INFO  Task:128 - The "Task6" changed the status from: false to: true
2017-02-17 11:50:07 INFO  ArrayTaskList:57 - The "Task6" added to ArrayList
2017-02-17 11:50:07 INFO  Task:90 - Task "Milash" created. Start date: [1992-09-05 01:01:01.000] End date: [2122-07-25 10:22:22.000]. Active: false
2017-02-17 11:50:07 INFO  Task:128 - The "Milash" changed the status from: false to: true
2017-02-17 11:50:07 INFO  ArrayTaskList:57 - The "Milash" added to ArrayList
2017-02-17 11:50:07 INFO  Task:90 - Task "TASSSSSSSSSSSSSSSSSSSSSKKKKKKKKKK" created. Start date: [2012-12-12 12:12:12.000] End date: [2015-02-14 02:14:14.000]. Active: false
2017-02-17 11:50:07 INFO  Task:128 - The "TASSSSSSSSSSSSSSSSSSSSSKKKKKKKKKK" changed the status from: false to: true
2017-02-17 11:50:07 INFO  ArrayTaskList:57 - The "TASSSSSSSSSSSSSSSSSSSSSKKKKKKKKKK" added to ArrayList
2017-02-17 11:50:07 INFO  Task:90 - Task "do it" created. Start date: [2017-02-06 03:00:00.000] End date: [2017-02-06 11:00:00.000]. Active: false
2017-02-17 11:50:07 INFO  Task:128 - The "do it" changed the status from: false to: true
2017-02-17 11:50:07 INFO  ArrayTaskList:57 - The "do it" added to ArrayList
2017-02-17 11:50:07 INFO  Task:90 - Task "do it2" created. Start date: [2017-02-06 11:00:00.000] End date: [2017-02-06 11:00:00.000]. Active: false
2017-02-17 11:50:07 INFO  Task:128 - The "do it2" changed the status from: false to: true
2017-02-17 11:50:07 INFO  ArrayTaskList:57 - The "do it2" added to ArrayList
2017-02-17 11:50:07 INFO  Task:90 - Task "DOIT3" created. Start date: [2017-02-06 11:00:00.000] End date: [2017-02-07 11:00:00.000]. Active: false
2017-02-17 11:50:07 INFO  Task:128 - The "DOIT3" changed the status from: false to: true
2017-02-17 11:50:07 INFO  ArrayTaskList:57 - The "DOIT3" added to ArrayList
2017-02-17 11:50:07 INFO  Task:90 - Task "Breakfast" created. Start date: [2017-02-08 01:46:49.000] End date: [2017-02-18 11:11:11.000]. Active: false
2017-02-17 11:50:07 INFO  Task:128 - The "Breakfast" changed the status from: false to: true
2017-02-17 11:50:07 INFO  ArrayTaskList:57 - The "Breakfast" added to ArrayList
2017-02-17 11:50:07 INFO  Task:90 - Task "FucknDinner" created. Start date: [2017-02-08 01:46:29.000] End date: [2017-02-18 11:11:11.000]. Active: false
2017-02-17 11:50:07 INFO  Task:128 - The "FucknDinner" changed the status from: false to: true
2017-02-17 11:50:07 INFO  ArrayTaskList:57 - The "FucknDinner" added to ArrayList
2017-02-17 11:50:16 INFO  Task:90 - Task "Task4" created. Start date: [2017-02-07 05:27:49.000] End date: [2017-02-08 11:11:11.000]. Active: false
2017-02-17 11:50:16 INFO  Task:128 - The "Task4" changed the status from: false to: true
2017-02-17 11:50:16 INFO  ArrayTaskList:57 - The "Task4" added to ArrayList
2017-02-17 11:50:16 INFO  Task:90 - Task "Task5" created. Start date: [2017-02-07 05:27:41.000] End date: [2018-02-15 11:11:11.000]. Active: false
2017-02-17 11:50:16 INFO  ArrayTaskList:57 - The "Task5" added to ArrayList
2017-02-17 11:50:16 INFO  Task:47 - Task "Task6" created. Start date: [2018-07-19 11:11:11.000]. Active: false
2017-02-17 11:50:16 INFO  Task:128 - The "Task6" changed the status from: false to: true
2017-02-17 11:50:16 INFO  ArrayTaskList:57 - The "Task6" added to ArrayList
2017-02-17 11:50:16 INFO  Task:90 - Task "Task6" created. Start date: [0017-10-09 11:11:11.000] End date: [2017-10-16 11:11:11.000]. Active: false
2017-02-17 11:50:16 INFO  Task:128 - The "Task6" changed the status from: false to: true
2017-02-17 11:50:16 INFO  ArrayTaskList:57 - The "Task6" added to ArrayList
2017-02-17 11:50:16 INFO  Task:90 - Task "Milash" created. Start date: [1992-09-05 01:01:01.000] End date: [2122-07-25 10:22:22.000]. Active: false
2017-02-17 11:50:16 INFO  Task:128 - The "Milash" changed the status from: false to: true
2017-02-17 11:50:16 INFO  ArrayTaskList:57 - The "Milash" added to ArrayList
2017-02-17 11:50:16 INFO  Task:90 - Task "TASSSSSSSSSSSSSSSSSSSSSKKKKKKKKKK" created. Start date: [2012-12-12 12:12:12.000] End date: [2015-02-14 02:14:14.000]. Active: false
2017-02-17 11:50:16 INFO  Task:128 - The "TASSSSSSSSSSSSSSSSSSSSSKKKKKKKKKK" changed the status from: false to: true
2017-02-17 11:50:16 INFO  ArrayTaskList:57 - The "TASSSSSSSSSSSSSSSSSSSSSKKKKKKKKKK" added to ArrayList
2017-02-17 11:50:16 INFO  Task:90 - Task "do it" created. Start date: [2017-02-06 03:00:00.000] End date: [2017-02-06 11:00:00.000]. Active: false
2017-02-17 11:50:16 INFO  Task:128 - The "do it" changed the status from: false to: true
2017-02-17 11:50:16 INFO  ArrayTaskList:57 - The "do it" added to ArrayList
2017-02-17 11:50:16 INFO  Task:90 - Task "do it2" created. Start date: [2017-02-06 11:00:00.000] End date: [2017-02-06 11:00:00.000]. Active: false
2017-02-17 11:50:16 INFO  Task:128 - The "do it2" changed the status from: false to: true
2017-02-17 11:50:16 INFO  ArrayTaskList:57 - The "do it2" added to ArrayList
2017-02-17 11:50:16 INFO  Task:90 - Task "DOIT3" created. Start date: [2017-02-06 11:00:00.000] End date: [2017-02-07 11:00:00.000]. Active: false
2017-02-17 11:50:16 INFO  Task:128 - The "DOIT3" changed the status from: false to: true
2017-02-17 11:50:16 INFO  ArrayTaskList:57 - The "DOIT3" added to ArrayList
2017-02-17 11:50:16 INFO  Task:90 - Task "Breakfast" created. Start date: [2017-02-08 01:46:49.000] End date: [2017-02-18 11:11:11.000]. Active: false
2017-02-17 11:50:16 INFO  Task:128 - The "Breakfast" changed the status from: false to: true
2017-02-17 11:50:16 INFO  ArrayTaskList:57 - The "Breakfast" added to ArrayList
2017-02-17 11:50:16 INFO  Task:90 - Task "FucknDinner" created. Start date: [2017-02-08 01:46:29.000] End date: [2017-02-18 11:11:11.000]. Active: false
2017-02-17 11:50:16 INFO  Task:128 - The "FucknDinner" changed the status from: false to: true
2017-02-17 11:50:16 INFO  ArrayTaskList:57 - The "FucknDinner" added to ArrayList
2017-02-17 11:50:16 INFO  TaskIO:128 - Text reading task SUCCESSFUL
2017-02-17 11:50:16 INFO  ArrayTaskList:57 - The "Milash" added to ArrayList
2017-02-17 11:50:16 INFO  ArrayTaskList:57 - The "Breakfast" added to ArrayList
2017-02-17 11:50:16 INFO  ArrayTaskList:57 - The "FucknDinner" added to ArrayList
2017-02-17 11:53:24 INFO  Task:84 - Task "Task4" created. Start date: [2017-02-07 05:27:49.000] End date: [2017-02-08 11:11:11.000]. Active: false
2017-02-17 11:53:24 INFO  Task:122 - The "%t" changed the status from: %b to %a
2017-02-17 11:53:24 INFO  ArrayTaskList:54 - The "Task4" added to ArrayList
2017-02-17 11:53:24 INFO  Task:84 - Task "Task5" created. Start date: [2017-02-07 05:27:41.000] End date: [2018-02-15 11:11:11.000]. Active: false
2017-02-17 11:53:24 INFO  ArrayTaskList:54 - The "Task5" added to ArrayList
2017-02-17 11:53:24 INFO  Task:45 - Task "Task6" created. Start date: [2018-07-19 11:11:11.000]. Active: false
2017-02-17 11:53:24 INFO  Task:122 - The "%t" changed the status from: %b to %a
2017-02-17 11:53:24 INFO  ArrayTaskList:54 - The "Task6" added to ArrayList
2017-02-17 11:53:24 INFO  Task:84 - Task "Task6" created. Start date: [0017-10-09 11:11:11.000] End date: [2017-10-16 11:11:11.000]. Active: false
2017-02-17 11:53:24 INFO  Task:122 - The "%t" changed the status from: %b to %a
2017-02-17 11:53:24 INFO  ArrayTaskList:54 - The "Task6" added to ArrayList
2017-02-17 11:53:24 INFO  Task:84 - Task "Milash" created. Start date: [1992-09-05 01:01:01.000] End date: [2122-07-25 10:22:22.000]. Active: false
2017-02-17 11:53:24 INFO  Task:122 - The "%t" changed the status from: %b to %a
2017-02-17 11:53:24 INFO  ArrayTaskList:54 - The "Milash" added to ArrayList
2017-02-17 11:53:24 INFO  Task:84 - Task "TASSSSSSSSSSSSSSSSSSSSSKKKKKKKKKK" created. Start date: [2012-12-12 12:12:12.000] End date: [2015-02-14 02:14:14.000]. Active: false
2017-02-17 11:53:24 INFO  Task:122 - The "%t" changed the status from: %b to %a
2017-02-17 11:53:24 INFO  ArrayTaskList:54 - The "TASSSSSSSSSSSSSSSSSSSSSKKKKKKKKKK" added to ArrayList
2017-02-17 11:53:24 INFO  Task:84 - Task "do it" created. Start date: [2017-02-06 03:00:00.000] End date: [2017-02-06 11:00:00.000]. Active: false
2017-02-17 11:53:24 INFO  Task:122 - The "%t" changed the status from: %b to %a
2017-02-17 11:53:24 INFO  ArrayTaskList:54 - The "do it" added to ArrayList
2017-02-17 11:53:24 INFO  Task:84 - Task "do it2" created. Start date: [2017-02-06 11:00:00.000] End date: [2017-02-06 11:00:00.000]. Active: false
2017-02-17 11:53:24 INFO  Task:122 - The "%t" changed the status from: %b to %a
2017-02-17 11:53:24 INFO  ArrayTaskList:54 - The "do it2" added to ArrayList
2017-02-17 11:53:24 INFO  Task:84 - Task "DOIT3" created. Start date: [2017-02-06 11:00:00.000] End date: [2017-02-07 11:00:00.000]. Active: false
2017-02-17 11:53:24 INFO  Task:122 - The "%t" changed the status from: %b to %a
2017-02-17 11:53:24 INFO  ArrayTaskList:54 - The "DOIT3" added to ArrayList
2017-02-17 11:53:24 INFO  Task:84 - Task "Breakfast" created. Start date: [2017-02-08 01:46:49.000] End date: [2017-02-18 11:11:11.000]. Active: false
2017-02-17 11:53:24 INFO  Task:122 - The "%t" changed the status from: %b to %a
2017-02-17 11:53:24 INFO  ArrayTaskList:54 - The "Breakfast" added to ArrayList
2017-02-17 11:53:24 INFO  Task:84 - Task "FucknDinner" created. Start date: [2017-02-08 01:46:29.000] End date: [2017-02-18 11:11:11.000]. Active: false
2017-02-17 11:53:24 INFO  Task:122 - The "%t" changed the status from: %b to %a
2017-02-17 11:53:24 INFO  ArrayTaskList:54 - The "FucknDinner" added to ArrayList
2017-02-17 11:53:24 INFO  TaskIO:123 - Text reading task SUCCESSFUL
2017-02-17 11:53:46 INFO  Task:222 - The "DOIT3" changed the start date from: [2017-02-06 11:00:00.000] to: [0011-11-11 11:11:11.000]. End date changed to: [0012-12-12 12:12:12.000]. Repeated
2017-02-17 11:53:46 INFO  TaskIO:105 - Text writing task SUCCESSFUL
2017-02-17 11:59:37 INFO  Task:84 - Task "Task4" created. Start date: [2017-02-07 05:27:49.000] End date: [2017-02-08 11:11:11.000]. Active: false
2017-02-17 11:59:37 INFO  ArrayTaskList:54 - The "Task4" added to ArrayList
2017-02-17 11:59:37 INFO  Task:84 - Task "Task5" created. Start date: [2017-02-07 05:27:41.000] End date: [2018-02-15 11:11:11.000]. Active: false
2017-02-17 11:59:37 INFO  ArrayTaskList:54 - The "Task5" added to ArrayList
2017-02-17 11:59:37 INFO  Task:45 - Task "Task6" created. Start date: [2018-07-19 11:11:11.000]. Active: false
2017-02-17 11:59:37 INFO  ArrayTaskList:54 - The "Task6" added to ArrayList
2017-02-17 11:59:37 INFO  Task:84 - Task "Task6" created. Start date: [0017-10-09 11:11:11.000] End date: [2017-10-16 11:11:11.000]. Active: false
2017-02-17 11:59:37 INFO  ArrayTaskList:54 - The "Task6" added to ArrayList
2017-02-17 11:59:37 INFO  Task:84 - Task "Milash" created. Start date: [1992-09-05 01:01:01.000] End date: [2122-07-25 10:22:22.000]. Active: false
2017-02-17 11:59:37 INFO  ArrayTaskList:54 - The "Milash" added to ArrayList
2017-02-17 11:59:37 INFO  Task:84 - Task "TASSSSSSSSSSSSSSSSSSSSSKKKKKKKKKK" created. Start date: [2012-12-12 12:12:12.000] End date: [2015-02-14 02:14:14.000]. Active: false
2017-02-17 11:59:37 INFO  ArrayTaskList:54 - The "TASSSSSSSSSSSSSSSSSSSSSKKKKKKKKKK" added to ArrayList
2017-02-17 11:59:37 INFO  Task:84 - Task "do it" created. Start date: [2017-02-06 03:00:00.000] End date: [2017-02-06 11:00:00.000]. Active: false
2017-02-17 11:59:37 INFO  ArrayTaskList:54 - The "do it" added to ArrayList
2017-02-17 11:59:37 INFO  Task:84 - Task "do it2" created. Start date: [2017-02-06 11:00:00.000] End date: [2017-02-06 11:00:00.000]. Active: false
2017-02-17 11:59:37 INFO  ArrayTaskList:54 - The "do it2" added to ArrayList
2017-02-17 11:59:37 INFO  Task:84 - Task "DOIT3" created. Start date: [0011-11-11 11:11:11.000] End date: [0012-12-12 12:12:12.000]. Active: false
2017-02-17 11:59:37 INFO  ArrayTaskList:54 - The "DOIT3" added to ArrayList
2017-02-17 11:59:37 INFO  Task:84 - Task "Breakfast" created. Start date: [2017-02-08 01:46:49.000] End date: [2017-02-18 11:11:11.000]. Active: false
2017-02-17 11:59:37 INFO  ArrayTaskList:54 - The "Breakfast" added to ArrayList
2017-02-17 11:59:37 INFO  Task:84 - Task "FucknDinner" created. Start date: [2017-02-08 01:46:29.000] End date: [2017-02-18 11:11:11.000]. Active: false
2017-02-17 11:59:37 INFO  ArrayTaskList:54 - The "FucknDinner" added to ArrayList
2017-02-17 11:59:37 INFO  TaskIO:123 - Text reading task SUCCESSFUL
2017-02-17 12:01:12 INFO  Task:84 - Task "Task1" created. Start date: [2017-02-12 12:12:12.000] End date: [2018-02-13 02:14:14.000]. Active: false
2017-02-17 12:01:12 INFO  Task:122 - The "Task1" changed the status from: false to true
2017-02-17 12:01:12 INFO  ArrayTaskList:54 - The "Task1" added to ArrayList
2017-02-17 12:01:12 INFO  Task:45 - Task "Task2" created. Start date: [0012-12-12 02:14:14.000]. Active: false
2017-02-17 12:01:12 INFO  ArrayTaskList:54 - The "Task2" added to ArrayList
2017-02-17 12:01:12 INFO  Task:84 - Task "TASSSSSSSSSSSSSSSSSSSSSKKKKKKKKKK" created. Start date: [2012-12-12 12:12:12.000] End date: [2015-02-14 02:14:14.000]. Active: false
2017-02-17 12:01:12 INFO  Task:122 - The "TASSSSSSSSSSSSSSSSSSSSSKKKKKKKKKK" changed the status from: false to true
2017-02-17 12:01:12 INFO  ArrayTaskList:54 - The "TASSSSSSSSSSSSSSSSSSSSSKKKKKKKKKK" added to ArrayList
2017-02-17 12:01:12 INFO  Task:84 - Task "do it2" created. Start date: [2017-02-06 11:00:00.000] End date: [2017-02-06 11:00:00.000]. Active: false
2017-02-17 12:01:12 INFO  Task:122 - The "do it2" changed the status from: false to true
2017-02-17 12:01:12 INFO  ArrayTaskList:54 - The "do it2" added to ArrayList
2017-02-17 12:01:12 INFO  Task:84 - Task "DOIT3" created. Start date: [2017-02-06 11:00:00.000] End date: [2017-02-07 11:00:00.000]. Active: false
2017-02-17 12:01:12 INFO  ArrayTaskList:54 - The "DOIT3" added to ArrayList
2017-02-17 12:01:12 INFO  Task:84 - Task "LALALA" created. Start date: [2017-02-17 11:11:11.000] End date: [2019-12-12 12:12:12.000]. Active: false
2017-02-17 12:01:12 INFO  Task:122 - The "LALALA" changed the status from: false to true
2017-02-17 12:01:12 INFO  ArrayTaskList:54 - The "LALALA" added to ArrayList
2017-02-17 12:01:12 INFO  TaskIO:123 - Text reading task SUCCESSFUL
2017-02-17 12:01:50 INFO  ArrayTaskList:54 - The "do it2" added to ArrayList
2017-02-17 12:02:17 INFO  Task:84 - Task "Task1" created. Start date: [2017-02-12 12:12:12.000] End date: [2018-02-13 02:14:14.000]. Active: false
2017-02-17 12:02:17 INFO  Task:122 - The "Task1" changed the status from: false to true
2017-02-17 12:02:17 INFO  ArrayTaskList:54 - The "Task1" added to ArrayList
2017-02-17 12:02:17 INFO  Task:45 - Task "Task2" created. Start date: [0012-12-12 02:14:14.000]. Active: false
2017-02-17 12:02:17 INFO  ArrayTaskList:54 - The "Task2" added to ArrayList
2017-02-17 12:02:17 INFO  Task:84 - Task "TASSSSSSSSSSSSSSSSSSSSSKKKKKKKKKK" created. Start date: [2012-12-12 12:12:12.000] End date: [2015-02-14 02:14:14.000]. Active: false
2017-02-17 12:02:17 INFO  Task:122 - The "TASSSSSSSSSSSSSSSSSSSSSKKKKKKKKKK" changed the status from: false to true
2017-02-17 12:02:17 INFO  ArrayTaskList:54 - The "TASSSSSSSSSSSSSSSSSSSSSKKKKKKKKKK" added to ArrayList
2017-02-17 12:02:17 INFO  Task:84 - Task "do it2" created. Start date: [2017-02-06 11:00:00.000] End date: [2017-02-06 11:00:00.000]. Active: false
2017-02-17 12:02:17 INFO  Task:122 - The "do it2" changed the status from: false to true
2017-02-17 12:02:17 INFO  ArrayTaskList:54 - The "do it2" added to ArrayList
2017-02-17 12:02:17 INFO  Task:84 - Task "DOIT3" created. Start date: [2017-02-06 11:00:00.000] End date: [2017-02-07 11:00:00.000]. Active: false
2017-02-17 12:02:17 INFO  ArrayTaskList:54 - The "DOIT3" added to ArrayList
2017-02-17 12:02:17 INFO  Task:84 - Task "LALALA" created. Start date: [2017-02-17 11:11:11.000] End date: [2019-12-12 12:12:12.000]. Active: false
2017-02-17 12:02:17 INFO  Task:122 - The "LALALA" changed the status from: false to true
2017-02-17 12:02:18 INFO  ArrayTaskList:54 - The "LALALA" added to ArrayList
2017-02-17 12:02:18 INFO  TaskIO:123 - Text reading task SUCCESSFUL
2017-02-17 12:02:54 INFO  Task:84 - Task "NOOOOOOW" created. Start date: [2017-02-17 12:03:30.000] End date: [2017-02-18 12:03:30.000]. Active: false
2017-02-17 12:02:55 INFO  Task:122 - The "NOOOOOOW" changed the status from: false to true
2017-02-17 12:02:55 INFO  ArrayTaskList:54 - The "NOOOOOOW" added to ArrayList
2017-02-17 12:02:55 INFO  TaskIO:105 - Text writing task SUCCESSFUL
2017-02-17 12:03:04 INFO  Task:84 - Task "Task1" created. Start date: [2017-02-12 12:12:12.000] End date: [2018-02-13 02:14:14.000]. Active: false
2017-02-17 12:03:04 INFO  Task:122 - The "Task1" changed the status from: false to true
2017-02-17 12:03:04 INFO  ArrayTaskList:54 - The "Task1" added to ArrayList
2017-02-17 12:03:04 INFO  Task:45 - Task "Task2" created. Start date: [0012-12-12 02:14:14.000]. Active: false
2017-02-17 12:03:04 INFO  ArrayTaskList:54 - The "Task2" added to ArrayList
2017-02-17 12:03:04 INFO  Task:84 - Task "TASSSSSSSSSSSSSSSSSSSSSKKKKKKKKKK" created. Start date: [2012-12-12 12:12:12.000] End date: [2015-02-14 02:14:14.000]. Active: false
2017-02-17 12:03:04 INFO  Task:122 - The "TASSSSSSSSSSSSSSSSSSSSSKKKKKKKKKK" changed the status from: false to true
2017-02-17 12:03:04 INFO  ArrayTaskList:54 - The "TASSSSSSSSSSSSSSSSSSSSSKKKKKKKKKK" added to ArrayList
2017-02-17 12:03:04 INFO  Task:84 - Task "do it2" created. Start date: [2017-02-06 11:00:00.000] End date: [2017-02-06 11:00:00.000]. Active: false
2017-02-17 12:03:04 INFO  Task:122 - The "do it2" changed the status from: false to true
2017-02-17 12:03:04 INFO  ArrayTaskList:54 - The "do it2" added to ArrayList
2017-02-17 12:03:04 INFO  Task:84 - Task "DOIT3" created. Start date: [2017-02-06 11:00:00.000] End date: [2017-02-07 11:00:00.000]. Active: false
2017-02-17 12:03:04 INFO  ArrayTaskList:54 - The "DOIT3" added to ArrayList
2017-02-17 12:03:04 INFO  Task:84 - Task "LALALA" created. Start date: [2017-02-17 11:11:11.000] End date: [2019-12-12 12:12:12.000]. Active: false
2017-02-17 12:03:04 INFO  Task:122 - The "LALALA" changed the status from: false to true
2017-02-17 12:03:04 INFO  ArrayTaskList:54 - The "LALALA" added to ArrayList
2017-02-17 12:03:04 INFO  Task:84 - Task "NOOOOOOW" created. Start date: [2017-02-17 12:03:30.000] End date: [2017-02-18 12:03:30.000]. Active: false
2017-02-17 12:03:04 INFO  Task:122 - The "NOOOOOOW" changed the status from: false to true
2017-02-17 12:03:04 INFO  ArrayTaskList:54 - The "NOOOOOOW" added to ArrayList
2017-02-17 12:03:04 INFO  TaskIO:123 - Text reading task SUCCESSFUL
2017-02-17 12:03:04 INFO  ArrayTaskList:54 - The "NOOOOOOW" added to ArrayList
2017-02-17 12:03:30 INFO  Tasks:39 - The NOOOOOOW is done.
2017-02-17 12:15:56 INFO  Task:84 - Task "Task1" created. Start date: [2017-02-12 12:12:12.000] End date: [2018-02-13 02:14:14.000]. Active: false
2017-02-17 12:15:56 INFO  Task:122 - The "Task1" changed the status from: false to true
2017-02-17 12:15:56 INFO  ArrayTaskList:54 - The "Task1" added to ArrayList
2017-02-17 12:15:56 INFO  Task:45 - Task "Task2" created. Start date: [0012-12-12 02:14:14.000]. Active: false
2017-02-17 12:15:56 INFO  ArrayTaskList:54 - The "Task2" added to ArrayList
2017-02-17 12:15:56 INFO  Task:84 - Task "TASSSSSSSSSSSSSSSSSSSSSKKKKKKKKKK" created. Start date: [2012-12-12 12:12:12.000] End date: [2015-02-14 02:14:14.000]. Active: false
2017-02-17 12:15:56 INFO  Task:122 - The "TASSSSSSSSSSSSSSSSSSSSSKKKKKKKKKK" changed the status from: false to true
2017-02-17 12:15:56 INFO  ArrayTaskList:54 - The "TASSSSSSSSSSSSSSSSSSSSSKKKKKKKKKK" added to ArrayList
2017-02-17 12:15:56 INFO  Task:84 - Task "do it2" created. Start date: [2017-02-06 11:00:00.000] End date: [2017-02-06 11:00:00.000]. Active: false
2017-02-17 12:15:56 INFO  Task:122 - The "do it2" changed the status from: false to true
2017-02-17 12:15:56 INFO  ArrayTaskList:54 - The "do it2" added to ArrayList
2017-02-17 12:15:56 INFO  Task:84 - Task "DOIT3" created. Start date: [2017-02-06 11:00:00.000] End date: [2017-02-07 11:00:00.000]. Active: false
2017-02-17 12:15:56 INFO  ArrayTaskList:54 - The "DOIT3" added to ArrayList
2017-02-17 12:15:56 INFO  Task:84 - Task "LALALA" created. Start date: [2017-02-17 11:11:11.000] End date: [2019-12-12 12:12:12.000]. Active: false
2017-02-17 12:15:56 INFO  Task:122 - The "LALALA" changed the status from: false to true
2017-02-17 12:15:56 INFO  ArrayTaskList:54 - The "LALALA" added to ArrayList
2017-02-17 12:15:56 INFO  Task:84 - Task "NOOOOOOW" created. Start date: [2017-02-17 12:03:30.000] End date: [2017-02-18 12:03:30.000]. Active: false
2017-02-17 12:15:56 INFO  Task:122 - The "NOOOOOOW" changed the status from: false to true
2017-02-17 12:15:56 INFO  ArrayTaskList:54 - The "NOOOOOOW" added to ArrayList
2017-02-17 12:15:56 INFO  TaskIO:123 - Text reading task SUCCESSFUL
2017-02-17 12:15:56 INFO  ArrayTaskList:54 - The "NOOOOOOW" added to ArrayList
2017-02-17 12:16:00 INFO  Tasks:39 - The NOOOOOOW is done.
2017-02-17 12:16:26 INFO  Task:105 - The "NOOOOOOW" changed for "NOW"
2017-02-17 12:16:26 INFO  TaskIO:105 - Text writing task SUCCESSFUL
2017-02-17 12:16:30 INFO  Tasks:39 - The NOW is done.
2017-02-17 12:16:54 INFO  Task:105 - The "NOW" changed for "NOOWW"
2017-02-17 12:16:54 INFO  TaskIO:105 - Text writing task SUCCESSFUL
2017-02-17 12:17:00 INFO  Tasks:39 - The NOOWW is done.
2017-02-17 12:17:06 INFO  TaskIO:105 - Text writing task SUCCESSFUL
2017-02-17 12:17:12 INFO  ArrayTaskList:82 - The "LALALA" deleted from ArrayList
2017-02-17 12:17:12 INFO  TaskIO:105 - Text writing task SUCCESSFUL
2017-02-17 12:17:30 INFO  Tasks:39 - The NOOWW is done.
2017-02-17 12:18:00 INFO  Tasks:39 - The NOOWW is done.
2017-02-17 12:18:30 INFO  Tasks:39 - The NOOWW is done.
2017-02-17 12:19:00 INFO  Tasks:39 - The NOOWW is done.
2017-02-17 12:19:30 INFO  Tasks:39 - The NOOWW is done.
2017-02-17 12:23:36 INFO  Task:84 - Task "Task1" created. Start date: [2017-02-12 12:12:12.000] End date: [2018-02-13 02:14:14.000]. Active: false
2017-02-17 12:23:36 INFO  Task:122 - The "Task1" changed the status from: false to true
2017-02-17 12:23:36 INFO  ArrayTaskList:54 - The "Task1" added to ArrayList
2017-02-17 12:23:36 INFO  Task:45 - Task "Task2" created. Start date: [0012-12-12 02:14:14.000]. Active: false
2017-02-17 12:23:36 INFO  ArrayTaskList:54 - The "Task2" added to ArrayList
2017-02-17 12:23:36 INFO  Task:84 - Task "TASSSSSSSSSSSSSSSSSSSSSKKKKKKKKKK" created. Start date: [2012-12-12 12:12:12.000] End date: [2015-02-14 02:14:14.000]. Active: false
2017-02-17 12:23:36 INFO  Task:122 - The "TASSSSSSSSSSSSSSSSSSSSSKKKKKKKKKK" changed the status from: false to true
2017-02-17 12:23:36 INFO  ArrayTaskList:54 - The "TASSSSSSSSSSSSSSSSSSSSSKKKKKKKKKK" added to ArrayList
2017-02-17 12:23:36 INFO  Task:84 - Task "do it2" created. Start date: [2017-02-06 11:00:00.000] End date: [2017-02-06 11:00:00.000]. Active: false
2017-02-17 12:23:36 INFO  Task:122 - The "do it2" changed the status from: false to true
2017-02-17 12:23:36 INFO  ArrayTaskList:54 - The "do it2" added to ArrayList
2017-02-17 12:23:36 INFO  Task:84 - Task "DOIT3" created. Start date: [2017-02-06 11:00:00.000] End date: [2017-02-07 11:00:00.000]. Active: false
2017-02-17 12:23:36 INFO  ArrayTaskList:54 - The "DOIT3" added to ArrayList
2017-02-17 12:23:36 INFO  Task:84 - Task "NOOWW" created. Start date: [2017-02-17 12:03:30.000] End date: [2017-02-18 12:03:30.000]. Active: false
2017-02-17 12:23:36 INFO  Task:122 - The "NOOWW" changed the status from: false to true
2017-02-17 12:23:36 INFO  ArrayTaskList:54 - The "NOOWW" added to ArrayList
2017-02-17 12:23:36 INFO  TaskIO:123 - Text reading task SUCCESSFUL
2017-02-17 12:23:36 INFO  ArrayTaskList:54 - The "NOOWW" added to ArrayList
2017-02-17 12:27:44 INFO  Task:84 - Task "Task1" created. Start date: [2017-02-12 12:12:12.000] End date: [2018-02-13 02:14:14.000]. Active: false
2017-02-17 12:27:44 INFO  Task:122 - The "Task1" changed the status from: false to true
2017-02-17 12:27:44 INFO  ArrayTaskList:54 - The "Task1" added to ArrayList
2017-02-17 12:27:44 INFO  Task:45 - Task "Task2" created. Start date: [0012-12-12 02:14:14.000]. Active: false
2017-02-17 12:27:44 INFO  ArrayTaskList:54 - The "Task2" added to ArrayList
2017-02-17 12:27:44 INFO  Task:84 - Task "TASSSSSSSSSSSSSSSSSSSSSKKKKKKKKKK" created. Start date: [2012-12-12 12:12:12.000] End date: [2015-02-14 02:14:14.000]. Active: false
2017-02-17 12:27:44 INFO  Task:122 - The "TASSSSSSSSSSSSSSSSSSSSSKKKKKKKKKK" changed the status from: false to true
2017-02-17 12:27:44 INFO  ArrayTaskList:54 - The "TASSSSSSSSSSSSSSSSSSSSSKKKKKKKKKK" added to ArrayList
2017-02-17 12:27:44 INFO  Task:84 - Task "do it2" created. Start date: [2017-02-06 11:00:00.000] End date: [2017-02-06 11:00:00.000]. Active: false
2017-02-17 12:27:44 INFO  Task:122 - The "do it2" changed the status from: false to true
2017-02-17 12:27:44 INFO  ArrayTaskList:54 - The "do it2" added to ArrayList
2017-02-17 12:27:44 INFO  Task:84 - Task "DOIT3" created. Start date: [2017-02-06 11:00:00.000] End date: [2017-02-07 11:00:00.000]. Active: false
2017-02-17 12:27:44 INFO  ArrayTaskList:54 - The "DOIT3" added to ArrayList
2017-02-17 12:27:44 INFO  Task:84 - Task "NOOWW" created. Start date: [2017-02-17 12:03:30.000] End date: [2017-02-18 12:03:30.000]. Active: false
2017-02-17 12:27:44 INFO  Task:122 - The "NOOWW" changed the status from: false to true
2017-02-17 12:27:44 INFO  ArrayTaskList:54 - The "NOOWW" added to ArrayList
2017-02-17 12:27:44 INFO  TaskIO:123 - Text reading task SUCCESSFUL
2017-02-17 12:27:44 INFO  ArrayTaskList:54 - The "NOOWW" added to ArrayList
2017-02-17 12:29:46 INFO  Task:84 - Task "Task1" created. Start date: [2017-02-12 12:12:12.000] End date: [2018-02-13 02:14:14.000]. Active: false
2017-02-17 12:29:46 INFO  Task:122 - The "Task1" changed the status from: false to true
2017-02-17 12:29:46 INFO  ArrayTaskList:54 - The "Task1" added to ArrayList
2017-02-17 12:29:46 INFO  Task:45 - Task "Task2" created. Start date: [0012-12-12 02:14:14.000]. Active: false
2017-02-17 12:29:46 INFO  ArrayTaskList:54 - The "Task2" added to ArrayList
2017-02-17 12:29:46 INFO  Task:84 - Task "TASSSSSSSSSSSSSSSSSSSSSKKKKKKKKKK" created. Start date: [2012-12-12 12:12:12.000] End date: [2015-02-14 02:14:14.000]. Active: false
2017-02-17 12:29:46 INFO  Task:122 - The "TASSSSSSSSSSSSSSSSSSSSSKKKKKKKKKK" changed the status from: false to true
2017-02-17 12:29:46 INFO  ArrayTaskList:54 - The "TASSSSSSSSSSSSSSSSSSSSSKKKKKKKKKK" added to ArrayList
2017-02-17 12:29:46 INFO  Task:84 - Task "do it2" created. Start date: [2017-02-06 11:00:00.000] End date: [2017-02-06 11:00:00.000]. Active: false
2017-02-17 12:29:46 INFO  Task:122 - The "do it2" changed the status from: false to true
2017-02-17 12:29:46 INFO  ArrayTaskList:54 - The "do it2" added to ArrayList
2017-02-17 12:29:46 INFO  Task:84 - Task "DOIT3" created. Start date: [2017-02-06 11:00:00.000] End date: [2017-02-07 11:00:00.000]. Active: false
2017-02-17 12:29:46 INFO  ArrayTaskList:54 - The "DOIT3" added to ArrayList
2017-02-17 12:29:46 INFO  Task:84 - Task "NOOWW" created. Start date: [2017-02-17 12:03:30.000] End date: [2017-02-18 12:03:30.000]. Active: false
2017-02-17 12:29:46 INFO  Task:122 - The "NOOWW" changed the status from: false to true
2017-02-17 12:29:46 INFO  ArrayTaskList:54 - The "NOOWW" added to ArrayList
2017-02-17 12:29:46 INFO  TaskIO:123 - Text reading task SUCCESSFUL
2017-02-17 12:29:46 INFO  ArrayTaskList:54 - The "NOOWW" added to ArrayList
2017-02-17 12:29:56 INFO  ArrayTaskList:82 - The "DOIT3" deleted from ArrayList
2017-02-17 12:29:56 INFO  TaskIO:105 - Text writing task SUCCESSFUL
2017-02-17 12:30:00 INFO  Tasks:39 - The NOOWW is done.
2017-02-17 13:42:48 INFO  Task:84 - Task "Task1" created. Start date: [2017-02-12 12:12:12.000] End date: [2018-02-13 02:14:14.000]. Active: false
2017-02-17 13:42:48 INFO  Task:122 - The "Task1" changed the status from: false to true
2017-02-17 13:42:48 INFO  ArrayTaskList:54 - The "Task1" added to ArrayList
2017-02-17 13:42:48 INFO  Task:84 - Task "Task2" created. Start date: [2017-02-17 01:42:48.166] End date: [2017-02-17 01:42:48.166]. Active: false
2017-02-17 13:42:48 INFO  ArrayTaskList:54 - The "Task2" added to ArrayList
2017-02-17 13:42:48 INFO  Task:84 - Task "TASSSSSSSSSSSSSSSSSSSSSKKKKKKKKKK" created. Start date: [2012-12-12 12:12:12.000] End date: [2015-02-14 02:14:14.000]. Active: false
2017-02-17 13:42:48 INFO  Task:122 - The "TASSSSSSSSSSSSSSSSSSSSSKKKKKKKKKK" changed the status from: false to true
2017-02-17 13:42:48 INFO  ArrayTaskList:54 - The "TASSSSSSSSSSSSSSSSSSSSSKKKKKKKKKK" added to ArrayList
2017-02-17 13:42:48 INFO  Task:84 - Task "do it2" created. Start date: [2017-02-06 11:00:00.000] End date: [2017-02-06 11:00:00.000]. Active: false
2017-02-17 13:42:48 INFO  Task:122 - The "do it2" changed the status from: false to true
2017-02-17 13:42:48 INFO  ArrayTaskList:54 - The "do it2" added to ArrayList
2017-02-17 13:42:48 INFO  Task:84 - Task "NOOWW" created. Start date: [2017-02-17 12:03:30.000] End date: [2017-02-18 12:03:30.000]. Active: false
2017-02-17 13:42:48 INFO  Task:122 - The "NOOWW" changed the status from: false to true
2017-02-17 13:42:48 INFO  ArrayTaskList:54 - The "NOOWW" added to ArrayList
2017-02-17 13:42:48 INFO  TaskIO:123 - Text reading task SUCCESSFUL
2017-02-17 13:42:48 INFO  ArrayTaskList:54 - The "NOOWW" added to ArrayList
2017-02-17 13:43:00 INFO  Tasks:39 - The NOOWW is done.
